0 info it worked if it ends with ok
1 verbose cli [ '/usr/bin/nodejs', '/usr/bin/npm', 'run-script', 'env', 'dev' ]
2 info using npm@3.8.6
3 info using node@v5.11.1
4 verbose run-script using default platform env: env (Unix)
5 verbose run-script [ 'preenv', 'env', 'postenv' ]
6 info lifecycle clickhouse-frontend@0.0.1~preenv: clickhouse-frontend@0.0.1
7 silly lifecycle clickhouse-frontend@0.0.1~preenv: no script for preenv, continuing
8 info lifecycle clickhouse-frontend@0.0.1~env: clickhouse-frontend@0.0.1
9 verbose lifecycle clickhouse-frontend@0.0.1~env: unsafe-perm in lifecycle true
10 verbose lifecycle clickhouse-frontend@0.0.1~env: PATH: /usr/lib/node_modules/npm/bin/node-gyp-bin:/home/fesh/Work/clickhouse-frontend/node_modules/.bin:/usr/bin:/usr/local/sbin:/usr/local/bin:/usr/sbin:/usr/bin:/sbin:/bin:/usr/games:/usr/local/games:/usr/lib/jvm/java-9-oracle/bin:/usr/lib/jvm/java-9-oracle/db/bin:/usr/lib/jvm/java-9-oracle/bin:/usr/lib/jvm/java-9-oracle/db/bin
11 verbose lifecycle clickhouse-frontend@0.0.1~env: CWD: /home/fesh/Work/clickhouse-frontend
12 silly lifecycle clickhouse-frontend@0.0.1~env: Args: [ '-c', 'env "dev"' ]
13 info lifecycle clickhouse-frontend@0.0.1~env: Failed to exec env script
14 verbose stack Error: clickhouse-frontend@0.0.1 env: `env "dev"`
14 verbose stack spawn ENOENT
14 verbose stack     at ChildProcess.<anonymous> (/usr/lib/node_modules/npm/lib/utils/spawn.js:17:16)
14 verbose stack     at emitTwo (events.js:100:13)
14 verbose stack     at ChildProcess.emit (events.js:185:7)
14 verbose stack     at maybeClose (internal/child_process.js:850:16)
14 verbose stack     at Process.ChildProcess._handle.onexit (internal/child_process.js:215:5)
15 verbose pkgid clickhouse-frontend@0.0.1
16 verbose cwd /home/fesh/Work/clickhouse-frontend
17 error Linux 4.2.0-30-generic
18 error argv "/usr/bin/nodejs" "/usr/bin/npm" "run-script" "env" "dev"
19 error node v5.11.1
20 error npm  v3.8.6
21 error file sh
22 error code ELIFECYCLE
23 error errno ENOENT
24 error syscall spawn
25 error clickhouse-frontend@0.0.1 env: `env "dev"`
25 error spawn ENOENT
26 error Failed at the clickhouse-frontend@0.0.1 env script 'env "dev"'.
26 error Make sure you have the latest version of node.js and npm installed.
26 error If you do, this is most likely a problem with the clickhouse-frontend package,
26 error not with npm itself.
26 error Tell the author that this fails on your system:
26 error     env "dev"
26 error You can get information on how to open an issue for this project with:
26 error     npm bugs clickhouse-frontend
26 error Or if that isn't available, you can get their info via:
26 error     npm owner ls clickhouse-frontend
26 error There is likely additional logging output above.
27 verbose exit [ 1, true ]
